Окружение на момент начала сборки:
ALLUSERSPROFILE = C:\ProgramData
APPDATA = C:\Users\Rokkimaru\AppData\Roaming
asl.log = Destination=file
CommonProgramFiles = C:\Program Files\Common Files
CommonProgramFiles(x86) = C:\Program Files (x86)\Common Files
CommonProgramW6432 = C:\Program Files\Common Files
COMPUTERNAME = DESKTOP-FUQT249
ComSpec = C:\WINDOWS\system32\cmd.exe
DriverData = C:\Windows\System32\Drivers\DriverData
EGPL_GeoLibrarian_Drive = L
EQ_LIBRARY_PATH = C:\gcc\x86_64-w64-mingw32\lib
FPS_BROWSER_APP_PROFILE_STRING = Internet Explorer
FPS_BROWSER_USER_PROFILE_STRING = Default
HOMEDRIVE = C:
HOMEPATH = \Users\Rokkimaru
LOCALAPPDATA = C:\Users\Rokkimaru\AppData\Local
LOGONSERVER = \\DESKTOP-FUQT249
MSBuildLoadMicrosoftTargetsReadOnly = true
MSMPI_BENCHMARKS = C:\Program Files\Microsoft MPI\Benchmarks\
MSMPI_BIN = C:\Program Files\Microsoft MPI\Bin\
MSMPI_INC = C:\Program Files (x86)\Microsoft SDKs\MPI\Include\
MSMPI_LIB32 = C:\Program Files (x86)\Microsoft SDKs\MPI\Lib\x86\
MSMPI_LIB64 = C:\Program Files (x86)\Microsoft SDKs\MPI\Lib\x64\
NUMBER_OF_PROCESSORS = 4
OneDrive = C:\Users\Rokkimaru\OneDrive
OneDriveConsumer = C:\Users\Rokkimaru\OneDrive
OS = Windows_NT
Path = C:\Program Files\Microsoft MPI\Bin\;C:\Program Files\Common Files\Oracle\Java\javapath;C:\ProgramData\Oracle\Java\javapath;C:\gcc\bin;C:\gcc\libexec\gcc\x86_64-w64-mingw32\9.2.0;C:\Windows\system32;C:\Windows;C:\Windows\System32\Wbem;C:\Windows\System32\WindowsPowerShell\v1.0\;C:\Windows\System32\OpenSSH\;C:\Program Files\NVIDIA Corporation\NVIDIA NvDLISR;C:\Program Files (x86)\NVIDIA Corporation\PhysX\Common;C:\WINDOWS\system32;C:\WINDOWS;C:\WINDOWS\System32\Wbem;C:\WINDOWS\System32\WindowsPowerShell\v1.0\;C:\WINDOWS\System32\OpenSSH\;C:\Program Files\Microsoft SQL Server\Client SDK\ODBC\170\Tools\Binn\;C:\Program Files\Microsoft SQL Server\150\Tools\Binn\;C:\Program Files\nodejs\;C:\Program Files\CMake\bin;C:\Program Files\Azure Data Studio\bin;C:\Program Files (x86)\Microsoft SQL Server\150\Tools\Binn\;C:\Program Files (x86)\Microsoft SQL Server\150\DTS\Binn\;C:\Program Files\Microsoft SQL Server\150\DTS\Binn\;C:\Program Files\dotnet\;C:\Program Files\PuTTY\;C:\Program Files\Git\cmd;C:\Users\Rokkimaru\AppData\Local\Programs\Python\Python311\Scripts\;C:\Users\Rokkimaru\AppData\Local\Programs\Python\Python311\;C:\Users\Rokkimaru\AppData\Local\Programs\Python\Python310\Scripts\;C:\Users\Rokkimaru\AppData\Local\Programs\Python\Python310\;C:\Users\Rokkimaru\AppData\Local\Microsoft\WindowsApps;C:\Users\Rokkimaru\AppData\Local\Programs\Microsoft VS Code\bin;C:\Users\Rokkimaru\AppData\Roaming\npm;C:\Program Files\Azure Data Studio\bin;C:\Users\Rokkimaru\.dotnet\tools
PATHEXT = .COM;.EXE;.BAT;.CMD;.VBS;.VBE;.JS;.JSE;.WSF;.WSH;.MSC
PkgDefApplicationConfigFile = C:\Users\Rokkimaru\AppData\Local\Microsoft\VisualStudio\17.0_343bbd73\devenv.exe.config
PROCESSOR_ARCHITECTURE = AMD64
PROCESSOR_IDENTIFIER = Intel64 Family 6 Model 60 Stepping 3, GenuineIntel
PROCESSOR_LEVEL = 6
PROCESSOR_REVISION = 3c03
ProgramData = C:\ProgramData
ProgramFiles = C:\Program Files
ProgramFiles(x86) = C:\Program Files (x86)
ProgramW6432 = C:\Program Files
PSModulePath = C:\Program Files\WindowsPowerShell\Modules;C:\WINDOWS\system32\WindowsPowerShell\v1.0\Modules;C:\Program Files (x86)\Microsoft SQL Server\150\Tools\PowerShell\Modules\
PUBLIC = C:\Users\Public
ServiceHubLogSessionKey = C8793E94
SESSIONNAME = Console
SystemDrive = C:
SystemRoot = C:\WINDOWS
TEMP = C:\Users\ROKKIM~1\AppData\Local\Temp
ThreadedWaitDialogDpiContext = -4
TMP = C:\Users\ROKKIM~1\AppData\Local\Temp
USERDOMAIN = DESKTOP-FUQT249
USERDOMAIN_ROAMINGPROFILE = DESKTOP-FUQT249
USERNAME = Rokkimaru
USERPROFILE = C:\Users\Rokkimaru
VBOX_MSI_INSTALL_PATH = C:\Program Files\Oracle\VirtualBox\
VisualStudioDir = C:\Users\Rokkimaru\Documents\Visual Studio 2022
VisualStudioEdition = Microsoft Visual Studio Community 2022
VisualStudioVersion = 17.0
VSAPPIDDIR = C:\Program Files\Microsoft Visual Studio\2022\Community\Common7\IDE\
VSAPPIDNAME = devenv.exe
VSLANG = 1049
VSSKUEDITION = Community
windir = C:\WINDOWS

  MPI.cpp
  MPI.vcxproj -> C:\Users\Rokkimaru\source\repos\MPI\Debug\MPI.exe

Итоги по проекту:
     5378 мс вызовов   1 C:\Users\Rokkimaru\source\repos\MPI\MPI\MPI.vcxproj
               5378 мс вызовов   1 Build                                   

Итоги по целям:
        0 мс вызовов   1 AfterBuildCompileEvent                  
        0 мс вызовов   1 AfterLink                               
        0 мс вызовов   1 ComputeLinkSwitches                     
        0 мс вызовов   1 PreLinkEvent                            
        0 мс вызовов   1 MakeDirsForLink                         
        0 мс вызовов   1 PrepareResourceNames                    
        0 мс вызовов   1 CreateCustomManifestResourceNames       
        0 мс вызовов   1 ComputeManifestInputsTargets            
        0 мс вызовов   1 ComputeLinkInputsFromProject            
        0 мс вызовов   1 ComputeCLGeneratedLinkInputs            
        0 мс вызовов   1 ComputeManifestGeneratedLinkerInputs    
        0 мс вызовов   1 ComputeRCGeneratedLinkInputs            
        0 мс вызовов   1 ComputeRCOutputs                        
        0 мс вызовов   1 BeforeLink                              
        0 мс вызовов   1 ComputeLegacyManifestEmbedding          
        0 мс вызовов   1 BuildLinkTraverse                       
        0 мс вызовов   1 BuildCompile                            
        0 мс вызовов   1 _BuildCompileAction                     
        0 мс вызовов   1 _ResourceCompile                        
        0 мс вызовов   1 AfterResourceCompile                    
        0 мс вызовов   1 BeforeResourceCompile                   
        0 мс вызовов   1 _ClCompile                              
        0 мс вызовов   1 _Link                                   
        0 мс вызовов   1 AfterClCompile                          
        0 мс вызовов   1 _ALink                                  
        0 мс вызовов   1 RegisterOutput                          
        0 мс вызовов   1 AfterBuild                              
        0 мс вызовов   1 BuildLink                               
        0 мс вызовов   1 _BuildLinkAction                        
        0 мс вызовов   1 PostBuildEvent                          
        0 мс вызовов   1 PrepareForRun                           
        0 мс вызовов   1 _CheckForCompileOutputs                 
        0 мс вызовов   1 _CopySourceItemsToOutputDirectory       
        0 мс вызовов   1 GetCopyToOutputDirectoryXamlAppDefs     
        0 мс вызовов   1 _PopulateCommonStateForGetCopyToOutputDirectoryItems
        0 мс вызовов   1 _Deploy                                 
        0 мс вызовов   1 _Appverifier                            
        0 мс вызовов   1 CreateSatelliteAssemblies               
        0 мс вызовов   1 MakeDirsForFxc                          
        0 мс вызовов   1 SatelliteDllsProjectOutputGroup         
        0 мс вызовов   1 BuiltProjectOutputGroup                 
        0 мс вызовов   1 _BscMake                                
        0 мс вызовов   1 MakeDirsForBscMake                      
        0 мс вызовов   1 ComputeCLCompileGeneratedSbrFiles       
        0 мс вызовов   1 _XdcMake                                
        0 мс вызовов   1 ComputeCLCompileGeneratedXDCFiles       
        0 мс вызовов   1 ResolvedXDCMake                         
        0 мс вызовов   1 _Manifest                               
        0 мс вызовов   1 SelectClCompile                         
        0 мс вызовов   1 Build                                   
        0 мс вызовов   1 _SelectedFiles                          
        0 мс вызовов   1 BeforeBuildGenerateSources              
        0 мс вызовов   1 ResolveAssemblyReferences               
        0 мс вызовов   1 ExpandSDKReferences                     
        0 мс вызовов   1 PreBuildEvent                           
        0 мс вызовов   1 ResolveSDKReferences                    
        0 мс вызовов   1 SetCABuildNativeEnvironmentVariables    
        0 мс вызовов   1 SelectCustomBuild                       
        0 мс вызовов   1 ComputeCustomBuildOutput                
        0 мс вызовов   1 BeforeResolveReferences                 
        0 мс вызовов   1 GetResolvedWinMD                        
        0 мс вызовов   1 SetBuildDefaultEnvironmentVariables     
        0 мс вызовов   1 _SplitProjectReferencesByFileExistence  
        0 мс вызовов   1 _Xsd                                    
        0 мс вызовов   1 MakeDirsForMidl                         
        0 мс вызовов   1 BuildGenerateSourcesTraverse            
        0 мс вызовов   1 ComputeMIDLGeneratedCompileInputs       
        0 мс вызовов   1 _Midl                                   
        0 мс вызовов   1 WarnCompileDuplicatedFilename           
        0 мс вызовов   1 PrepareProjectReferences                
        0 мс вызовов   1 ComputeReferenceCLInput                 
        0 мс вызовов   1 GetReferencedVCProjectsInfo             
        0 мс вызовов   1 GetFrameworkPaths                       
        0 мс вызовов   1 GetReferenceAssemblyPaths               
        0 мс вызовов   1 ComputeCLInputPDBName                   
        0 мс вызовов   1 BeforeClCompile                         
        0 мс вызовов   1 _PrepareForBuild                        
        0 мс вызовов   1 BuildCompileTraverse                    
        0 мс вызовов   1 BuildGenerateSources                    
        0 мс вызовов   1 _BuildGenerateSourcesAction             
        0 мс вызовов   1 AfterBuildGenerateSourcesEvent          
        0 мс вызовов   1 AfterBuildGenerateSources               
        0 мс вызовов   1 AfterMidl                               
        0 мс вызовов   1 AfterResolveReferences                  
        1 мс вызовов   1 _PrepareForReferenceResolution          
        1 мс вызовов   1 MakeDirsForCl                           
        1 мс вызовов   1 ComputeLinkImportLibraryOutputsForClean 
        1 мс вызовов   1 ResolveProjectReferences                
        1 мс вызовов   1 _GetCopyToOutputDirectoryItemsFromThisProject
        1 мс вызовов   1 MakeDirsForResourceCompile              
        1 мс вызовов   1 AssignTargetPaths                       
        1 мс вызовов   1 ContentFilesProjectOutputGroup          
        1 мс вызовов   1 FindReferenceAssembliesForReferences    
        1 мс вызовов   1 _GenerateSatelliteAssemblyInputs        
        1 мс вызовов   1 CopyFileToFolders                       
        1 мс вызовов   1 CopyFilesToOutputDirectory              
        1 мс вызовов   1 DoLinkOutputFilesMatch                  
        1 мс вызовов   1 _GetCopyToOutputDirectoryItemsFromTransitiveProjectReferences
        1 мс вызовов   1 _AddOutputPathToGlobalPropertiesToRemove
        1 мс вызовов   1 AddExternalIncludDirectoriesToPaths     
        1 мс вызовов   1 MakeDirsForXdcMake                      
        1 мс вызовов   1 FixupCLCompileOptions                   
        1 мс вызовов   1 ResolveReferences                       
        2 мс вызовов   1 _CheckWindowsSDKInstalled               
        2 мс вызовов   1 AssignProjectConfiguration              
        2 мс вызовов   1 IncrementalClean                        
        2 мс вызовов   1 SplitResourcesByCulture                 
        4 мс вызовов   1 InitializeBuildStatus                   
        4 мс вызовов   1 GetCopyToOutputDirectoryItems           
        4 мс вызовов   1 FinalizeBuildStatus                     
        8 мс вызовов   1 SetTelemetryEnvironmentVariables        
        9 мс вызовов   1 CustomBuild                             
       12 мс вызовов   1 PrepareForBuild                         
       15 мс вызовов   1 _CheckForInvalidConfigurationAndPlatform
       16 мс вызовов   1 _CleanGetCurrentAndPriorFileWrites      
       31 мс вызовов   1 ComputeCLOutputs                        
       35 мс вызовов   1 CreateRecipeFile                        
       51 мс вызовов   1 _GetProjectReferenceTargetFrameworkProperties
     1463 мс вызовов   1 Link                                    
     3698 мс вызовов   1 ClCompile                               

Итоги по задачам:
        0 мс вызовов   2 RemoveDuplicates                        
        0 мс вызовов   1 ConvertToAbsolutePath                   
        0 мс вызовов   1 AssignCulture                           
        0 мс вызовов   1 MSBuild                                 
        0 мс вызовов   7 AssignTargetPath                        
        1 мс вызовов   2 ReadLinesFromFile                       
        1 мс вызовов   3 Message                                 
        1 мс вызовов   1 WriteLinesToFile                        
        1 мс вызовов   1 AssignProjectConfiguration              
        2 мс вызовов   3 Delete                                  
        3 мс вызовов   9 SetEnv                                  
        3 мс вызовов   2 Touch                                   
        3 мс вызовов   2 CallTarget                              
        3 мс вызовов   1 CheckVCToolsetVersion                   
        7 мс вызовов   5 FindUnderPath                           
        8 мс вызовов  10 MakeDir                                 
       10 мс вызовов   3 GetOutOfDateItems                       
       35 мс вызовов   1 GenerateDesktopDeployRecipe             
     1460 мс вызовов   1 Link                                    
     3695 мс вызовов   1 CL                                      
